<?xml version="1.0" encoding="UTF-8"?>
<!-- Generated by org.testng.reporters.JUnitReportReporter -->
<testsuite hostname="NirEyeni" failures="0" tests="3" name="runners.MainRunner" time="7.342" errors="0" timestamp="2023-08-21T20:10:42 BST" skipped="0">
  <testcase classname="runners.MainRunner" name="runScenario" time="3.016"/>
  <testcase classname="runners.MainRunner" name="runScenario" time="2.937"/>
  <testcase classname="runners.MainRunner" name="runScenario" time="1.389"/>
</testsuite> <!-- runners.MainRunner -->
