<?xml version="1.0" encoding="UTF-8"?>
<!-- Generated by org.testng.reporters.JUnitReportReporter -->
<testsuite hostname="CoderZ_Testing" name="runners.MainRunner" tests="2" failures="0" timestamp="18 Jul 2020 09:12:04 GMT" time="14.689" errors="0">
  <testcase name="feature" time="7.430" classname="runners.MainRunner"/>
  <testcase name="feature" time="7.259" classname="runners.MainRunner"/>
</testsuite> <!-- runners.MainRunner -->
