<?xml version="1.0" encoding="UTF-8"?>
<!-- Generated by org.testng.reporters.JUnitReportReporter -->
<testsuite hostname="NirEyeni" failures="2" tests="2" name="runners.MainRunner" time="84.760" errors="0" timestamp="2023-08-26T11:48:25 BST" skipped="0">
  <testcase classname="runners.MainRunner" name="runScenario" time="42.499">
    <failure message="WebElement is NOT visible, Exception: Expected condition failed: waiting for visibility of Proxy element for: DefaultElementLocator &#039;By.id: text5555&#039; (tried for 40 second(s) with 500 milliseconds interval)" type="java.lang.AssertionError">
      <![CDATA[java.lang.AssertionError: WebElement is NOT visible, Exception: Expected condition failed: waiting for visibility of Proxy element for: DefaultElementLocator 'By.id: text5555' (tried for 40 second(s) with 500 milliseconds interval)
at org.junit.Assert.fail(Assert.java:89)
at pageObjects.BasePage.WaitUntilWebElementIsVisible(BasePage.java:240)
at pageObjects.BasePage.sendKeysToWebElement(BasePage.java:162)
at pageObjects.Login_Page.enterUsername(Login_Page.java:25)
at stepDefinitions.Login_Steps.i_enter_a_unique_username(Login_Steps.java:22)
at ✽.I enter a username webdriver(file:///C:/GIT/brunoGianni/cucumberSeleniumGrid/cucumberSeleniumGrid/src/test/java/resources/features/login.feature:9)
]]>
    </failure>
  </testcase> <!-- runScenario -->
  <testcase classname="runners.MainRunner" name="runScenario" time="42.261">
    <failure message="WebElement is NOT visible, Exception: Expected condition failed: waiting for visibility of Proxy element for: DefaultElementLocator &#039;By.id: text5555&#039; (tried for 40 second(s) with 500 milliseconds interval)" type="java.lang.AssertionError">
      <![CDATA[java.lang.AssertionError: WebElement is NOT visible, Exception: Expected condition failed: waiting for visibility of Proxy element for: DefaultElementLocator 'By.id: text5555' (tried for 40 second(s) with 500 milliseconds interval)
at org.junit.Assert.fail(Assert.java:89)
at pageObjects.BasePage.WaitUntilWebElementIsVisible(BasePage.java:240)
at pageObjects.BasePage.sendKeysToWebElement(BasePage.java:162)
at pageObjects.Login_Page.enterUsername(Login_Page.java:25)
at stepDefinitions.Login_Steps.i_enter_a_unique_username(Login_Steps.java:22)
at ✽.I enter a username webdriver(file:///C:/GIT/brunoGianni/cucumberSeleniumGrid/cucumberSeleniumGrid/src/test/java/resources/features/login.feature:15)
]]>
    </failure>
  </testcase> <!-- runScenario -->
</testsuite> <!-- runners.MainRunner -->
