<?xml version="1.0" encoding="UTF-8"?>
<!-- Generated by org.testng.reporters.JUnitReportReporter -->
<testsuite hostname="NirEyeni" failures="0" tests="1" name="runners.MainRunner" time="3.907" errors="0" timestamp="2023-08-25T04:07:15 BST" skipped="0">
  <testcase classname="runners.MainRunner" name="runScenario" time="3.907"/>
</testsuite> <!-- runners.MainRunner -->
