<?xml version="1.0" encoding="UTF-8"?>
<!-- Generated by org.testng.reporters.JUnitReportReporter -->
<testsuite hostname="NirEyeni" failures="0" tests="1" name="runners.MainRunner" time="2.103" errors="0" timestamp="2023-08-22T08:24:11 BST" skipped="0">
  <testcase classname="runners.MainRunner" name="runScenario" time="2.103"/>
</testsuite> <!-- runners.MainRunner -->
