<?xml version="1.0" encoding="UTF-8"?>
<!-- Generated by org.testng.reporters.JUnitReportReporter -->
<testsuite hostname="NirEyeni" failures="0" tests="5" name="runners.MainRunner" time="14.714" errors="0" timestamp="2023-08-26T14:36:10 BST" skipped="0">
  <testcase classname="runners.MainRunner" name="runScenario" time="1.745"/>
  <testcase classname="runners.MainRunner" name="runScenario" time="1.891"/>
  <testcase classname="runners.MainRunner" name="runScenario" time="1.793"/>
  <testcase classname="runners.MainRunner" name="runScenario" time="1.797"/>
  <testcase classname="runners.MainRunner" name="runScenario" time="7.488"/>
</testsuite> <!-- runners.MainRunner -->
