<?xml version="1.0" encoding="UTF-8"?>
<!-- Generated by org.testng.reporters.JUnitReportReporter -->
<testsuite hostname="NirEyeni" failures="0" tests="5" name="runners.MainRunner" time="14.453" errors="0" timestamp="2023-08-25T11:26:07 BST" skipped="0">
  <testcase classname="runners.MainRunner" name="runScenario" time="1.860"/>
  <testcase classname="runners.MainRunner" name="runScenario" time="7.334"/>
  <testcase classname="runners.MainRunner" name="runScenario" time="1.801"/>
  <testcase classname="runners.MainRunner" name="runScenario" time="1.707"/>
  <testcase classname="runners.MainRunner" name="runScenario" time="1.751"/>
</testsuite> <!-- runners.MainRunner -->
